# JRE version: Java(TM) SE Runtime Environment (17.0.6+9) (build 17.0.6+9-LTS-190)
# Java VM: Java HotSpot(TM) 64-Bit Server VM (17.0.6+9-LTS-190, mixed mode, sharing, tiered, compressed oops, compressed class ptrs, g1 gc, windows-amd64)
GC Precious Log:
 CPUs: 24 total, 24 available
 Memory: 32580M
 Large Page Support: Disabled
 NUMA Support: Disabled
 Compressed Oops: Enabled (Zero based)
 Heap Region Size: 4M
 Heap Min Capacity: 8M
 Heap Initial Capacity: 512M
 Heap Max Capacity: 8148M
 Pre-touch: Disabled
 Parallel Workers: 18
 Concurrent Workers: 5
 Concurrent Refinement Workers: 18
 Periodic GC: Disabled
Heap:
 garbage-first heap   total 303104K, used 199831K [0x0000000602c00000, 0x0000000800000000)
  region size 4096K, 42 young (172032K), 1 survivors (4096K)
 Metaspace       used 75329K, committed 76032K, reserved 1122304K
  class space    used 10163K, committed 10496K, reserved 1048576K
GC Heap History (20 events):
Event: 2.545 GC heap before
{Heap before GC invocations=16 (full 0):
 garbage-first heap   total 69632K, used 49294K [0x0000000602c00000, 0x0000000800000000)
  region size 4096K, 6 young (24576K), 1 survivors (4096K)
 Metaspace       used 57205K, committed 57728K, reserved 1105920K
  class space    used 7636K, committed 7872K, reserved 1048576K
}
Event: 2.546 GC heap after
{Heap after GC invocations=17 (full 0):
 garbage-first heap   total 69632K, used 30178K [0x0000000602c00000, 0x0000000800000000)
  region size 4096K, 1 young (4096K), 1 survivors (4096K)
 Metaspace       used 57205K, committed 57728K, reserved 1105920K
  class space    used 7636K, committed 7872K, reserved 1048576K
}
Event: 2.637 GC heap before
{Heap before GC invocations=17 (full 0):
 garbage-first heap   total 69632K, used 50658K [0x0000000602c00000, 0x0000000800000000)
  region size 4096K, 6 young (24576K), 1 survivors (4096K)
 Metaspace       used 59384K, committed 59904K, reserved 1105920K
  class space    used 7924K, committed 8192K, reserved 1048576K
}
Event: 2.639 GC heap after
{Heap after GC invocations=18 (full 0):
 garbage-first heap   total 69632K, used 31205K [0x0000000602c00000, 0x0000000800000000)
  region size 4096K, 1 young (4096K), 1 survivors (4096K)
 Metaspace       used 59384K, committed 59904K, reserved 1105920K
  class space    used 7924K, committed 8192K, reserved 1048576K
}
Event: 2.683 GC heap before
{Heap before GC invocations=18 (full 0):
 garbage-first heap   total 69632K, used 43493K [0x0000000602c00000, 0x0000000800000000)
  region size 4096K, 5 young (20480K), 1 survivors (4096K)
 Metaspace       used 60114K, committed 60608K, reserved 1105920K
  class space    used 8024K, committed 8256K, reserved 1048576K
}
Event: 2.684 GC heap after
{Heap after GC invocations=19 (full 0):
 garbage-first heap   total 69632K, used 31605K [0x0000000602c00000, 0x0000000800000000)
  region size 4096K, 1 young (4096K), 1 survivors (4096K)
 Metaspace       used 60114K, committed 60608K, reserved 1105920K
  class space    used 8024K, committed 8256K, reserved 1048576K
}
Event: 2.751 GC heap before
{Heap before GC invocations=20 (full 0):
 garbage-first heap   total 69632K, used 52085K [0x0000000602c00000, 0x0000000800000000)
  region size 4096K, 6 young (24576K), 1 survivors (4096K)
 Metaspace       used 60673K, committed 61184K, reserved 1105920K
  class space    used 8121K, committed 8320K, reserved 1048576K
}
Event: 2.752 GC heap after
{Heap after GC invocations=21 (full 0):
 garbage-first heap   total 69632K, used 32178K [0x0000000602c00000, 0x0000000800000000)
  region size 4096K, 1 young (4096K), 1 survivors (4096K)
 Metaspace       used 60673K, committed 61184K, reserved 1105920K
  class space    used 8121K, committed 8320K, reserved 1048576K
}
Event: 2.754 GC heap before
{Heap before GC invocations=21 (full 0):
 garbage-first heap   total 69632K, used 36274K [0x0000000602c00000, 0x0000000800000000)
  region size 4096K, 2 young (8192K), 1 survivors (4096K)
 Metaspace       used 60673K, committed 61184K, reserved 1105920K
  class space    used 8121K, committed 8320K, reserved 1048576K
}
Event: 2.756 GC heap after
{Heap after GC invocations=22 (full 0):
 garbage-first heap   total 69632K, used 31606K [0x0000000602c00000, 0x0000000800000000)
  region size 4096K, 1 young (4096K), 1 survivors (4096K)
 Metaspace       used 60673K, committed 61184K, reserved 1105920K
  class space    used 8121K, committed 8320K, reserved 1048576K
}
Event: 2.820 GC heap before
{Heap before GC invocations=22 (full 0):
 garbage-first heap   total 69632K, used 52086K [0x0000000602c00000, 0x0000000800000000)
  region size 4096K, 6 young (24576K), 1 survivors (4096K)
 Metaspace       used 61064K, committed 61504K, reserved 1105920K
  class space    used 8175K, committed 8384K, reserved 1048576K
}
Event: 2.821 GC heap after
{Heap after GC invocations=23 (full 0):
 garbage-first heap   total 69632K, used 32303K [0x0000000602c00000, 0x0000000800000000)
  region size 4096K, 1 young (4096K), 1 survivors (4096K)
 Metaspace       used 61064K, committed 61504K, reserved 1105920K
  class space    used 8175K, committed 8384K, reserved 1048576K
}
Event: 2.971 GC heap before
{Heap before GC invocations=24 (full 0):
 garbage-first heap   total 69632K, used 48687K [0x0000000602c00000, 0x0000000800000000)
  region size 4096K, 6 young (24576K), 1 survivors (4096K)
 Metaspace       used 63902K, committed 64448K, reserved 1105920K
  class space    used 8690K, committed 8960K, reserved 1048576K
}
Event: 2.972 GC heap after
{Heap after GC invocations=25 (full 0):
 garbage-first heap   total 69632K, used 33616K [0x0000000602c00000, 0x0000000800000000)
  region size 4096K, 1 young (4096K), 1 survivors (4096K)
 Metaspace       used 63902K, committed 64448K, reserved 1105920K
  class space    used 8690K, committed 8960K, reserved 1048576K
}
Event: 3.044 GC heap before
{Heap before GC invocations=25 (full 0):
 garbage-first heap   total 69632K, used 54096K [0x0000000602c00000, 0x0000000800000000)
  region size 4096K, 6 young (24576K), 1 survivors (4096K)
 Metaspace       used 64293K, committed 64832K, reserved 1105920K
  class space    used 8747K, committed 9024K, reserved 1048576K
}
Event: 3.045 GC heap after
{Heap after GC invocations=26 (full 0):
 garbage-first heap   total 69632K, used 34398K [0x0000000602c00000, 0x0000000800000000)
  region size 4096K, 1 young (4096K), 1 survivors (4096K)
 Metaspace       used 64293K, committed 64832K, reserved 1105920K
  class space    used 8747K, committed 9024K, reserved 1048576K
}
Event: 3.112 GC heap before
{Heap before GC invocations=27 (full 0):
 garbage-first heap   total 77824K, used 54878K [0x0000000602c00000, 0x0000000800000000)
  region size 4096K, 6 young (24576K), 1 survivors (4096K)
 Metaspace       used 64640K, committed 65216K, reserved 1105920K
  class space    used 8780K, committed 9088K, reserved 1048576K
}
Event: 3.113 GC heap after
{Heap after GC invocations=28 (full 0):
 garbage-first heap   total 77824K, used 35098K [0x0000000602c00000, 0x0000000800000000)
  region size 4096K, 1 young (4096K), 1 survivors (4096K)
 Metaspace       used 64640K, committed 65216K, reserved 1105920K
  class space    used 8780K, committed 9088K, reserved 1048576K
}
Event: 3.196 GC heap before
{Heap before GC invocations=28 (full 0):
 garbage-first heap   total 77824K, used 63770K [0x0000000602c00000, 0x0000000800000000)
  region size 4096K, 8 young (32768K), 1 survivors (4096K)
 Metaspace       used 65142K, committed 65792K, reserved 1105920K
  class space    used 8825K, committed 9152K, reserved 1048576K
}
Event: 3.197 GC heap after
{Heap after GC invocations=29 (full 0):
 garbage-first heap   total 303104K, used 35991K [0x0000000602c00000, 0x0000000800000000)
  region size 4096K, 1 young (4096K), 1 survivors (4096K)
 Metaspace       used 65142K, committed 65792K, reserved 1105920K
  class space    used 8825K, committed 9152K, reserved 1048576K
}

